{"/Users/fvena/Sites/didor/didor-template-graphql/src/utils/auth.js": {"path":"/Users/fvena/Sites/didor/didor-template-graphql/src/utils/auth.js","statementMap":{"0":{"start":{"line":1,"column":0},"end":{"line":null,"column":-1}},"1":{"start":{"line":2,"column":0},"end":{"line":null,"column":-1}},"2":{"start":{"line":5,"column":16},"end":{"line":null,"column":-1}},"3":{"start":{"line":12,"column":24},"end":{"line":12,"column":2}},"4":{"start":{"line":14,"column":2},"end":{"line":18,"column":3}},"5":{"start":{"line":15,"column":18},"end":{"line":15,"column":4}},"6":{"start":{"line":16,"column":23},"end":{"line":14,"column":21}},"7":{"start":{"line":14,"column":21},"end":{"line":14,"column":20}},"8":{"start":{"line":17,"column":4},"end":{"line":null,"column":-1}},"9":{"start":{"line":20,"column":2},"end":{"line":null,"column":-1}},"10":{"start":{"line":25,"column":17},"end":{"line":25,"column":2}},"11":{"start":{"line":27,"column":2},"end":{"line":null,"column":-1}},"12":{"start":{"line":32,"column":2},"end":{"line":34,"column":3}},"13":{"start":{"line":33,"column":4},"end":{"line":null,"column":-1}},"14":{"start":{"line":36,"column":2},"end":{"line":38,"column":3}},"15":{"start":{"line":37,"column":4},"end":{"line":null,"column":-1}},"16":{"start":{"line":40,"column":2},"end":{"line":null,"column":-1}},"17":{"start":{"line":43,"column":0},"end":{"line":null,"column":-1}}},"fnMap":{"0":{"name":"AuthError","decl":{"start":{"line":5,"column":2},"end":{"line":5,"column":15}},"loc":{"start":{"line":5,"column":16},"end":{"line":7,"column":3}}},"1":{"name":"getUserId","decl":{"start":{"line":11,"column":9},"end":{"line":11,"column":0}},"loc":{"start":{"line":11,"column":24},"end":{"line":21,"column":1}}},"2":{"name":"getUser","decl":{"start":{"line":24,"column":9},"end":{"line":24,"column":0}},"loc":{"start":{"line":24,"column":22},"end":{"line":28,"column":1}}},"3":{"name":"getTypeId","decl":{"start":{"line":31,"column":9},"end":{"line":31,"column":0}},"loc":{"start":{"line":31,"column":32},"end":{"line":41,"column":1}}}},"branchMap":{"0":{"loc":{"start":{"line":5,"column":16},"end":{"line":6,"column":9}},"type":"binary-expr","locations":[{"start":{"line":5,"column":16},"end":{"line":6,"column":9}},{"start":{"line":5,"column":16},"end":{"line":6,"column":9}}]},"1":{"loc":{"start":{"line":14,"column":2},"end":{"line":18,"column":3}},"type":"if","locations":[{"start":{"line":14,"column":2},"end":{"line":18,"column":3}},{"start":{"line":14,"column":2},"end":{"line":18,"column":3}}]},"2":{"loc":{"start":{"line":32,"column":2},"end":{"line":34,"column":3}},"type":"if","locations":[{"start":{"line":32,"column":2},"end":{"line":34,"column":3}},{"start":{"line":32,"column":2},"end":{"line":34,"column":3}}]},"3":{"loc":{"start":{"line":32,"column":6},"end":{"line":32,"column":15}},"type":"binary-expr","locations":[{"start":{"line":32,"column":6},"end":{"line":32,"column":15}},{"start":{"line":32,"column":16},"end":{"line":32,"column":2}}]},"4":{"loc":{"start":{"line":36,"column":2},"end":{"line":38,"column":3}},"type":"if","locations":[{"start":{"line":36,"column":2},"end":{"line":38,"column":3}},{"start":{"line":36,"column":2},"end":{"line":38,"column":3}}]}},"s":{"0":0,"1":0,"2":0,"3":0,"4":0,"5":0,"6":0,"7":0,"8":0,"9":0,"10":0,"11":0,"12":0,"13":0,"14":0,"15":0,"16":0,"17":0},"f":{"0":0,"1":0,"2":0,"3":0},"b":{"0":[0,0],"1":[0,0],"2":[0,0],"3":[0,0],"4":[0,0]}}
,"/Users/fvena/Sites/didor/didor-template-graphql/src/utils/directives.js": {"path":"/Users/fvena/Sites/didor/didor-template-graphql/src/utils/directives.js","statementMap":{"0":{"start":{"line":5,"column":0},"end":{"line":null,"column":-1}},"1":{"start":{"line":1,"column":0},"end":{"line":null,"column":-1}},"2":{"start":{"line":3,"column":18},"end":{"line":3,"column":0}},"3":{"start":{"line":18,"column":0},"end":{"line":null,"column":-1}},"4":{"start":{"line":18,"column":28},"end":{"line":null,"column":-1}},"5":{"start":{"line":19,"column":2},"end":{"line":null,"column":-1}},"6":{"start":{"line":24,"column":0},"end":{"line":null,"column":-1}},"7":{"start":{"line":24,"column":20},"end":{"line":24,"column":19}},"8":{"start":{"line":24,"column":20},"end":{"line":null,"column":-1}},"9":{"start":{"line":25,"column":10},"end":{"line":24,"column":20}},"10":{"start":{"line":35,"column":0},"end":{"line":null,"column":-1}},"11":{"start":{"line":35,"column":20},"end":{"line":35,"column":19}},"12":{"start":{"line":35,"column":20},"end":{"line":null,"column":-1}},"13":{"start":{"line":36,"column":8},"end":{"line":35,"column":20}},"14":{"start":{"line":37,"column":8},"end":{"line":35,"column":20}},"15":{"start":{"line":38,"column":8},"end":{"line":35,"column":20}},"16":{"start":{"line":48,"column":0},"end":{"line":null,"column":-1}},"17":{"start":{"line":48,"column":29},"end":{"line":48,"column":28}},"18":{"start":{"line":48,"column":29},"end":{"line":null,"column":-1}},"19":{"start":{"line":50,"column":8},"end":{"line":48,"column":29}},"20":{"start":{"line":56,"column":8},"end":{"line":48,"column":29}}},"fnMap":{"0":{"name":"_callee$","decl":{"start":{"line":5,"column":0},"end":{"line":null,"column":-1}},"loc":{"start":{"line":5,"column":0},"end":{"line":null,"column":-1}}},"1":{"name":"(anonymous_10)","decl":{"start":{"line":18,"column":0},"end":{"line":null,"column":-1}},"loc":{"start":{"line":18,"column":0},"end":{"line":null,"column":-1}}},"2":{"name":"_callee2","decl":{"start":{"line":18,"column":28},"end":{"line":18,"column":34}},"loc":{"start":{"line":18,"column":28},"end":{"line":18,"column":0}}},"3":{"name":"_callee2$","decl":{"start":{"line":18,"column":28},"end":{"line":null,"column":-1}},"loc":{"start":{"line":18,"column":28},"end":{"line":null,"column":-1}}},"4":{"name":"(anonymous_14)","decl":{"start":{"line":24,"column":0},"end":{"line":null,"column":-1}},"loc":{"start":{"line":24,"column":0},"end":{"line":null,"column":-1}}},"5":{"name":"_callee3","decl":{"start":{"line":24,"column":20},"end":{"line":24,"column":26}},"loc":{"start":{"line":24,"column":20},"end":{"line":24,"column":0}}},"6":{"name":"_callee3$","decl":{"start":{"line":24,"column":20},"end":{"line":null,"column":-1}},"loc":{"start":{"line":24,"column":20},"end":{"line":null,"column":-1}}},"7":{"name":"(anonymous_18)","decl":{"start":{"line":35,"column":0},"end":{"line":null,"column":-1}},"loc":{"start":{"line":35,"column":0},"end":{"line":null,"column":-1}}},"8":{"name":"_callee4","decl":{"start":{"line":35,"column":20},"end":{"line":35,"column":26}},"loc":{"start":{"line":35,"column":20},"end":{"line":35,"column":0}}},"9":{"name":"_callee4$","decl":{"start":{"line":35,"column":20},"end":{"line":null,"column":-1}},"loc":{"start":{"line":35,"column":20},"end":{"line":null,"column":-1}}},"10":{"name":"(anonymous_22)","decl":{"start":{"line":48,"column":0},"end":{"line":null,"column":-1}},"loc":{"start":{"line":48,"column":0},"end":{"line":null,"column":-1}}},"11":{"name":"_callee5","decl":{"start":{"line":48,"column":29},"end":{"line":48,"column":35}},"loc":{"start":{"line":48,"column":29},"end":{"line":48,"column":0}}},"12":{"name":"_callee5$","decl":{"start":{"line":48,"column":29},"end":{"line":null,"column":-1}},"loc":{"start":{"line":48,"column":29},"end":{"line":null,"column":-1}}}},"branchMap":{"0":{"loc":{"start":{"line":5,"column":0},"end":{"line":null,"column":-1}},"type":"switch","locations":[{"start":{"line":5,"column":0},"end":{"line":null,"column":-1}},{"start":{"line":5,"column":0},"end":{"line":null,"column":-1}},{"start":{"line":5,"column":0},"end":{"line":null,"column":-1}},{"start":{"line":5,"column":0},"end":{"line":null,"column":-1}}]},"1":{"loc":{"start":{"line":5,"column":0},"end":{"line":null,"column":-1}},"type":"if","locations":[{"start":{"line":5,"column":0},"end":{"line":null,"column":-1}},{"start":{"line":5,"column":0},"end":{"line":null,"column":-1}}]},"2":{"loc":{"start":{"line":8,"column":6},"end":{"line":8,"column":5}},"type":"binary-expr","locations":[{"start":{"line":8,"column":6},"end":{"line":8,"column":5}},{"start":{"line":8,"column":25},"end":{"line":5,"column":0}}]},"3":{"loc":{"start":{"line":18,"column":28},"end":{"line":null,"column":-1}},"type":"switch","locations":[{"start":{"line":18,"column":28},"end":{"line":null,"column":-1}},{"start":{"line":18,"column":28},"end":{"line":null,"column":-1}},{"start":{"line":18,"column":28},"end":{"line":null,"column":-1}}]},"4":{"loc":{"start":{"line":24,"column":20},"end":{"line":null,"column":-1}},"type":"switch","locations":[{"start":{"line":24,"column":20},"end":{"line":null,"column":-1}},{"start":{"line":24,"column":20},"end":{"line":null,"column":-1}},{"start":{"line":24,"column":20},"end":{"line":null,"column":-1}},{"start":{"line":24,"column":20},"end":{"line":null,"column":-1}},{"start":{"line":24,"column":20},"end":{"line":null,"column":-1}}]},"5":{"loc":{"start":{"line":24,"column":20},"end":{"line":null,"column":-1}},"type":"if","locations":[{"start":{"line":24,"column":20},"end":{"line":null,"column":-1}},{"start":{"line":24,"column":20},"end":{"line":null,"column":-1}}]},"6":{"loc":{"start":{"line":35,"column":20},"end":{"line":null,"column":-1}},"type":"switch","locations":[{"start":{"line":35,"column":20},"end":{"line":null,"column":-1}},{"start":{"line":35,"column":20},"end":{"line":null,"column":-1}},{"start":{"line":35,"column":20},"end":{"line":null,"column":-1}},{"start":{"line":35,"column":20},"end":{"line":null,"column":-1}},{"start":{"line":35,"column":20},"end":{"line":null,"column":-1}}]},"7":{"loc":{"start":{"line":35,"column":20},"end":{"line":null,"column":-1}},"type":"if","locations":[{"start":{"line":35,"column":20},"end":{"line":null,"column":-1}},{"start":{"line":35,"column":20},"end":{"line":null,"column":-1}}]},"8":{"loc":{"start":{"line":48,"column":29},"end":{"line":null,"column":-1}},"type":"switch","locations":[{"start":{"line":48,"column":29},"end":{"line":null,"column":-1}},{"start":{"line":48,"column":29},"end":{"line":null,"column":-1}},{"start":{"line":48,"column":29},"end":{"line":null,"column":-1}},{"start":{"line":48,"column":29},"end":{"line":null,"column":-1}},{"start":{"line":48,"column":29},"end":{"line":null,"column":-1}},{"start":{"line":48,"column":29},"end":{"line":null,"column":-1}}]},"9":{"loc":{"start":{"line":48,"column":29},"end":{"line":null,"column":-1}},"type":"if","locations":[{"start":{"line":48,"column":29},"end":{"line":null,"column":-1}},{"start":{"line":48,"column":29},"end":{"line":null,"column":-1}}]}},"s":{"0":0,"1":0,"2":0,"3":0,"4":0,"5":0,"6":0,"7":0,"8":0,"9":0,"10":0,"11":0,"12":0,"13":0,"14":0,"15":0,"16":0,"17":0,"18":0,"19":0,"20":0},"f":{"0":0,"1":0,"2":0,"3":0,"4":0,"5":0,"6":0,"7":0,"8":0,"9":0,"10":0,"11":0,"12":0},"b":{"0":[0,0,0,0],"1":[0,0],"2":[0,0],"3":[0,0,0],"4":[0,0,0,0,0],"5":[0,0],"6":[0,0,0,0,0],"7":[0,0],"8":[0,0,0,0,0,0],"9":[0,0]}}
,"/Users/fvena/Sites/didor/didor-template-graphql/src/utils/permission.js": {"path":"/Users/fvena/Sites/didor/didor-template-graphql/src/utils/permission.js","statementMap":{"0":{"start":{"line":1,"column":0},"end":{"line":null,"column":-1}},"1":{"start":{"line":2,"column":0},"end":{"line":null,"column":-1}},"2":{"start":{"line":11,"column":17},"end":{"line":11,"column":0}},"3":{"start":{"line":27,"column":16},"end":{"line":27,"column":2}},"4":{"start":{"line":28,"column":2},"end":{"line":null,"column":-1}},"5":{"start":{"line":40,"column":8},"end":{"line":40,"column":2}},"6":{"start":{"line":41,"column":21},"end":{"line":41,"column":2}},"7":{"start":{"line":42,"column":18},"end":{"line":42,"column":2}},"8":{"start":{"line":44,"column":2},"end":{"line":null,"column":-1}},"9":{"start":{"line":45,"column":2},"end":{"line":null,"column":-1}},"10":{"start":{"line":47,"column":2},"end":{"line":null,"column":-1}},"11":{"start":{"line":48,"column":4},"end":{"line":null,"column":-1}},"12":{"start":{"line":51,"column":2},"end":{"line":null,"column":-1}},"13":{"start":{"line":65,"column":15},"end":{"line":65,"column":2}},"14":{"start":{"line":67,"column":2},"end":{"line":null,"column":-1}},"15":{"start":{"line":68,"column":23},"end":{"line":68,"column":4}},"16":{"start":{"line":69,"column":4},"end":{"line":72,"column":5}},"17":{"start":{"line":70,"column":6},"end":{"line":null,"column":-1}},"18":{"start":{"line":71,"column":6},"end":{"line":null,"column":-1}},"19":{"start":{"line":75,"column":4},"end":{"line":84,"column":5}},"20":{"start":{"line":76,"column":6},"end":{"line":83,"column":7}},"21":{"start":{"line":77,"column":25},"end":{"line":77,"column":8}},"22":{"start":{"line":79,"column":8},"end":{"line":82,"column":9}},"23":{"start":{"line":80,"column":10},"end":{"line":null,"column":-1}},"24":{"start":{"line":81,"column":10},"end":{"line":null,"column":-1}},"25":{"start":{"line":86,"column":4},"end":{"line":null,"column":-1}},"26":{"start":{"line":89,"column":2},"end":{"line":null,"column":-1}},"27":{"start":{"line":98,"column":35},"end":{"line":98,"column":34}},"28":{"start":{"line":99,"column":2},"end":{"line":null,"column":-1}},"29":{"start":{"line":100,"column":21},"end":{"line":100,"column":4}},"30":{"start":{"line":101,"column":18},"end":{"line":101,"column":4}},"31":{"start":{"line":102,"column":16},"end":{"line":102,"column":4}},"32":{"start":{"line":105,"column":4},"end":{"line":109,"column":5}},"33":{"start":{"line":106,"column":20},"end":{"line":106,"column":6}},"34":{"start":{"line":107,"column":22},"end":{"line":107,"column":6}},"35":{"start":{"line":108,"column":6},"end":{"line":null,"column":-1}},"36":{"start":{"line":111,"column":4},"end":{"line":115,"column":5}},"37":{"start":{"line":112,"column":6},"end":{"line":null,"column":-1}},"38":{"start":{"line":114,"column":6},"end":{"line":null,"column":-1}}},"fnMap":{"0":{"name":"getUser","decl":{"start":{"line":26,"column":9},"end":{"line":26,"column":0}},"loc":{"start":{"line":26,"column":43},"end":{"line":29,"column":1}}},"1":{"name":"getResolvers","decl":{"start":{"line":39,"column":9},"end":{"line":39,"column":0}},"loc":{"start":{"line":39,"column":29},"end":{"line":52,"column":1}}},"2":{"name":"(anonymous_4)","decl":{"start":{"line":47,"column":21},"end":{"line":47,"column":21}},"loc":{"start":{"line":47,"column":36},"end":{"line":47,"column":2}}},"3":{"name":"checkPermission","decl":{"start":{"line":64,"column":9},"end":{"line":64,"column":0}},"loc":{"start":{"line":64,"column":47},"end":{"line":90,"column":1}}},"4":{"name":"(anonymous_6)","decl":{"start":{"line":67,"column":26},"end":{"line":67,"column":26}},"loc":{"start":{"line":67,"column":40},"end":{"line":67,"column":2}}},"5":{"name":"permissions","decl":{"start":{"line":98,"column":9},"end":{"line":98,"column":0}},"loc":{"start":{"line":98,"column":35},"end":{"line":117,"column":1}}},"6":{"name":"(anonymous_8)","decl":{"start":{"line":99,"column":9},"end":{"line":99,"column":9}},"loc":{"start":{"line":99,"column":29},"end":{"line":99,"column":2}}}},"branchMap":{"0":{"loc":{"start":{"line":69,"column":4},"end":{"line":72,"column":5}},"type":"if","locations":[{"start":{"line":69,"column":4},"end":{"line":72,"column":5}},{"start":{"line":69,"column":4},"end":{"line":72,"column":5}}]},"1":{"loc":{"start":{"line":69,"column":8},"end":{"line":69,"column":7}},"type":"binary-expr","locations":[{"start":{"line":69,"column":8},"end":{"line":69,"column":7}},{"start":{"line":69,"column":39},"end":{"line":69,"column":4}}]},"2":{"loc":{"start":{"line":75,"column":4},"end":{"line":84,"column":5}},"type":"if","locations":[{"start":{"line":75,"column":4},"end":{"line":84,"column":5}},{"start":{"line":75,"column":4},"end":{"line":84,"column":5}}]},"3":{"loc":{"start":{"line":75,"column":8},"end":{"line":75,"column":7}},"type":"binary-expr","locations":[{"start":{"line":75,"column":8},"end":{"line":75,"column":7}},{"start":{"line":75,"column":37},"end":{"line":75,"column":36}},{"start":{"line":75,"column":64},"end":{"line":75,"column":4}}]},"4":{"loc":{"start":{"line":76,"column":6},"end":{"line":83,"column":7}},"type":"if","locations":[{"start":{"line":76,"column":6},"end":{"line":83,"column":7}},{"start":{"line":76,"column":6},"end":{"line":83,"column":7}}]},"5":{"loc":{"start":{"line":79,"column":8},"end":{"line":82,"column":9}},"type":"if","locations":[{"start":{"line":79,"column":8},"end":{"line":82,"column":9}},{"start":{"line":79,"column":8},"end":{"line":82,"column":9}}]},"6":{"loc":{"start":{"line":98,"column":35},"end":{"line":98,"column":30}},"type":"cond-expr","locations":[{"start":{"line":98,"column":35},"end":{"line":98,"column":30}},{"start":{"line":98,"column":31},"end":{"line":98,"column":35}}]},"7":{"loc":{"start":{"line":98,"column":35},"end":{"line":98,"column":30}},"type":"binary-expr","locations":[{"start":{"line":98,"column":35},"end":{"line":98,"column":30}},{"start":{"line":98,"column":35},"end":{"line":98,"column":30}}]},"8":{"loc":{"start":{"line":101,"column":47},"end":{"line":101,"column":17}},"type":"cond-expr","locations":[{"start":{"line":101,"column":47},"end":{"line":101,"column":17}},{"start":{"line":101,"column":104},"end":{"line":101,"column":4}}]},"9":{"loc":{"start":{"line":105,"column":4},"end":{"line":109,"column":5}},"type":"if","locations":[{"start":{"line":105,"column":4},"end":{"line":109,"column":5}},{"start":{"line":105,"column":4},"end":{"line":109,"column":5}}]},"10":{"loc":{"start":{"line":111,"column":4},"end":{"line":115,"column":5}},"type":"if","locations":[{"start":{"line":111,"column":4},"end":{"line":115,"column":5}},{"start":{"line":111,"column":4},"end":{"line":115,"column":5}}]}},"s":{"0":0,"1":0,"2":0,"3":0,"4":0,"5":0,"6":0,"7":0,"8":0,"9":0,"10":0,"11":0,"12":0,"13":0,"14":0,"15":0,"16":0,"17":0,"18":0,"19":0,"20":0,"21":0,"22":0,"23":0,"24":0,"25":0,"26":0,"27":0,"28":0,"29":0,"30":0,"31":0,"32":0,"33":0,"34":0,"35":0,"36":0,"37":0,"38":0},"f":{"0":0,"1":0,"2":0,"3":0,"4":0,"5":0,"6":0},"b":{"0":[0,0],"1":[0,0],"2":[0,0],"3":[0,0,0],"4":[0,0],"5":[0,0],"6":[0,0],"7":[0,0],"8":[0,0],"9":[0,0],"10":[0,0]}}
,"/Users/fvena/Sites/didor/didor-template-graphql/src/utils/resolvers.js": {"path":"/Users/fvena/Sites/didor/didor-template-graphql/src/utils/resolvers.js","statementMap":{"0":{"start":{"line":1,"column":0},"end":{"line":null,"column":-1}},"1":{"start":{"line":2,"column":0},"end":{"line":null,"column":-1}},"2":{"start":{"line":3,"column":0},"end":{"line":null,"column":-1}},"3":{"start":{"line":10,"column":22},"end":{"line":10,"column":2}},"4":{"start":{"line":11,"column":25},"end":{"line":11,"column":2}},"5":{"start":{"line":12,"column":25},"end":{"line":12,"column":2}},"6":{"start":{"line":13,"column":20},"end":{"line":13,"column":2}},"7":{"start":{"line":15,"column":2},"end":{"line":null,"column":-1}},"8":{"start":{"line":17,"column":2},"end":{"line":null,"column":-1}}},"fnMap":{"0":{"name":"getResolvers","decl":{"start":{"line":9,"column":9},"end":{"line":9,"column":0}},"loc":{"start":{"line":9,"column":24},"end":{"line":18,"column":1}}}},"branchMap":{},"s":{"0":0,"1":0,"2":0,"3":0,"4":0,"5":0,"6":0,"7":0,"8":0},"f":{"0":0},"b":{}}
,"/Users/fvena/Sites/didor/didor-template-graphql/src/utils/seed.js": {"path":"/Users/fvena/Sites/didor/didor-template-graphql/src/utils/seed.js","statementMap":{"0":{"start":{"line":20,"column":0},"end":{"line":null,"column":-1}},"1":{"start":{"line":21,"column":11},"end":{"line":20,"column":0}},"2":{"start":{"line":22,"column":10},"end":{"line":20,"column":0}},"3":{"start":{"line":30,"column":4},"end":{"line":null,"column":-1}},"4":{"start":{"line":21,"column":35},"end":{"line":20,"column":0}},"5":{"start":{"line":33,"column":11},"end":{"line":20,"column":0}},"6":{"start":{"line":35,"column":10},"end":{"line":20,"column":0}},"7":{"start":{"line":38,"column":10},"end":{"line":20,"column":0}},"8":{"start":{"line":39,"column":10},"end":{"line":20,"column":0}},"9":{"start":{"line":40,"column":10},"end":{"line":20,"column":0}},"10":{"start":{"line":43,"column":10},"end":{"line":20,"column":0}},"11":{"start":{"line":44,"column":10},"end":{"line":20,"column":0}},"12":{"start":{"line":45,"column":10},"end":{"line":20,"column":0}},"13":{"start":{"line":48,"column":10},"end":{"line":20,"column":0}},"14":{"start":{"line":49,"column":10},"end":{"line":20,"column":0}},"15":{"start":{"line":50,"column":10},"end":{"line":20,"column":0}},"16":{"start":{"line":52,"column":4},"end":{"line":null,"column":-1}},"17":{"start":{"line":33,"column":34},"end":{"line":20,"column":0}},"18":{"start":{"line":1,"column":0},"end":{"line":null,"column":-1}},"19":{"start":{"line":2,"column":0},"end":{"line":null,"column":-1}},"20":{"start":{"line":3,"column":0},"end":{"line":null,"column":-1}},"21":{"start":{"line":4,"column":0},"end":{"line":null,"column":-1}},"22":{"start":{"line":6,"column":15},"end":{"line":6,"column":0}},"23":{"start":{"line":13,"column":0},"end":{"line":null,"column":-1}},"24":{"start":{"line":15,"column":20},"end":{"line":15,"column":0}},"25":{"start":{"line":16,"column":19},"end":{"line":16,"column":0}},"26":{"start":{"line":17,"column":14},"end":{"line":17,"column":0}},"27":{"start":{"line":76,"column":19},"end":{"line":76,"column":2}},"28":{"start":{"line":76,"column":30},"end":{"line":null,"column":-1}},"29":{"start":{"line":77,"column":19},"end":{"line":77,"column":2}},"30":{"start":{"line":78,"column":17},"end":{"line":78,"column":2}},"31":{"start":{"line":80,"column":2},"end":{"line":84,"column":3}},"32":{"start":{"line":81,"column":17},"end":{"line":81,"column":4}},"33":{"start":{"line":82,"column":4},"end":{"line":null,"column":-1}},"34":{"start":{"line":83,"column":4},"end":{"line":null,"column":-1}},"35":{"start":{"line":86,"column":2},"end":{"line":null,"column":-1}},"36":{"start":{"line":91,"column":17},"end":{"line":91,"column":2}},"37":{"start":{"line":93,"column":2},"end":{"line":106,"column":3}},"38":{"start":{"line":94,"column":19},"end":{"line":94,"column":4}},"39":{"start":{"line":95,"column":17},"end":{"line":95,"column":4}},"40":{"start":{"line":96,"column":17},"end":{"line":96,"column":4}},"41":{"start":{"line":97,"column":20},"end":{"line":97,"column":4}},"42":{"start":{"line":99,"column":4},"end":{"line":null,"column":-1}},"43":{"start":{"line":101,"column":4},"end":{"line":null,"column":-1}},"44":{"start":{"line":102,"column":4},"end":{"line":null,"column":-1}},"45":{"start":{"line":103,"column":4},"end":{"line":null,"column":-1}},"46":{"start":{"line":105,"column":4},"end":{"line":null,"column":-1}},"47":{"start":{"line":108,"column":2},"end":{"line":null,"column":-1}},"48":{"start":{"line":111,"column":0},"end":{"line":null,"column":-1}}},"fnMap":{"0":{"name":"_callee$","decl":{"start":{"line":20,"column":0},"end":{"line":null,"column":-1}},"loc":{"start":{"line":20,"column":0},"end":{"line":null,"column":-1}}},"1":{"name":"getRandomsUser","decl":{"start":{"line":75,"column":9},"end":{"line":75,"column":0}},"loc":{"start":{"line":75,"column":34},"end":{"line":87,"column":1}}},"2":{"name":"(anonymous_13)","decl":{"start":{"line":76,"column":30},"end":{"line":null,"column":-1}},"loc":{"start":{"line":76,"column":30},"end":{"line":76,"column":19}}},"3":{"name":"getComments","decl":{"start":{"line":90,"column":9},"end":{"line":90,"column":0}},"loc":{"start":{"line":90,"column":36},"end":{"line":109,"column":1}}}},"branchMap":{"0":{"loc":{"start":{"line":20,"column":0},"end":{"line":null,"column":-1}},"type":"switch","locations":[{"start":{"line":20,"column":0},"end":{"line":null,"column":-1}},{"start":{"line":20,"column":0},"end":{"line":null,"column":-1}},{"start":{"line":20,"column":0},"end":{"line":null,"column":-1}},{"start":{"line":20,"column":0},"end":{"line":30,"column":4}},{"start":{"line":20,"column":0},"end":{"line":null,"column":-1}},{"start":{"line":20,"column":0},"end":{"line":null,"column":-1}},{"start":{"line":20,"column":0},"end":{"line":null,"column":-1}},{"start":{"line":20,"column":0},"end":{"line":null,"column":-1}},{"start":{"line":20,"column":0},"end":{"line":null,"column":-1}},{"start":{"line":20,"column":0},"end":{"line":52,"column":4}},{"start":{"line":20,"column":0},"end":{"line":null,"column":-1}},{"start":{"line":20,"column":0},"end":{"line":null,"column":-1}},{"start":{"line":20,"column":0},"end":{"line":null,"column":-1}},{"start":{"line":20,"column":0},"end":{"line":null,"column":-1}}]},"1":{"loc":{"start":{"line":20,"column":0},"end":{"line":null,"column":-1}},"type":"if","locations":[{"start":{"line":20,"column":0},"end":{"line":null,"column":-1}},{"start":{"line":20,"column":0},"end":{"line":null,"column":-1}}]}},"s":{"0":0,"1":0,"2":0,"3":0,"4":0,"5":0,"6":0,"7":0,"8":0,"9":0,"10":0,"11":0,"12":0,"13":0,"14":0,"15":0,"16":0,"17":0,"18":0,"19":0,"20":0,"21":0,"22":0,"23":0,"24":0,"25":0,"26":0,"27":0,"28":0,"29":0,"30":0,"31":0,"32":0,"33":0,"34":0,"35":0,"36":0,"37":0,"38":0,"39":0,"40":0,"41":0,"42":0,"43":0,"44":0,"45":0,"46":0,"47":0,"48":0},"f":{"0":0,"1":0,"2":0,"3":0},"b":{"0":[0,0,0,0,0,0,0,0,0,0,0,0,0,0],"1":[0,0]}}
,"/Users/fvena/Sites/didor/didor-template-graphql/src/utils/validate.js": {"path":"/Users/fvena/Sites/didor/didor-template-graphql/src/utils/validate.js","statementMap":{"0":{"start":{"line":17,"column":0},"end":{"line":null,"column":-1}},"1":{"start":{"line":18,"column":8},"end":{"line":17,"column":0}},"2":{"start":{"line":20,"column":11},"end":{"line":17,"column":0}},"3":{"start":{"line":21,"column":10},"end":{"line":17,"column":0}},"4":{"start":{"line":22,"column":10},"end":{"line":17,"column":0}},"5":{"start":{"line":23,"column":10},"end":{"line":17,"column":0}},"6":{"start":{"line":24,"column":10},"end":{"line":17,"column":0}},"7":{"start":{"line":26,"column":13},"end":{"line":17,"column":0}},"8":{"start":{"line":27,"column":12},"end":{"line":17,"column":0}},"9":{"start":{"line":30,"column":8},"end":{"line":32,"column":9}},"10":{"start":{"line":31,"column":10},"end":{"line":null,"column":-1}},"11":{"start":{"line":34,"column":14},"end":{"line":17,"column":0}},"12":{"start":{"line":36,"column":8},"end":{"line":38,"column":9}},"13":{"start":{"line":37,"column":10},"end":{"line":null,"column":-1}},"14":{"start":{"line":26,"column":38},"end":{"line":17,"column":0}},"15":{"start":{"line":20,"column":37},"end":{"line":17,"column":0}},"16":{"start":{"line":1,"column":0},"end":{"line":null,"column":-1}},"17":{"start":{"line":2,"column":0},"end":{"line":null,"column":-1}},"18":{"start":{"line":3,"column":0},"end":{"line":null,"column":-1}},"19":{"start":{"line":5,"column":15},"end":{"line":5,"column":0}},"20":{"start":{"line":13,"column":0},"end":{"line":null,"column":-1}},"21":{"start":{"line":13,"column":20},"end":{"line":null,"column":-1}},"22":{"start":{"line":14,"column":21},"end":{"line":null,"column":-1}}},"fnMap":{"0":{"name":"_callee$","decl":{"start":{"line":17,"column":0},"end":{"line":null,"column":-1}},"loc":{"start":{"line":17,"column":0},"end":{"line":null,"column":-1}}},"1":{"name":"(anonymous_12)","decl":{"start":{"line":13,"column":20},"end":{"line":null,"column":-1}},"loc":{"start":{"line":13,"column":20},"end":{"line":13,"column":0}}},"2":{"name":"(anonymous_13)","decl":{"start":{"line":14,"column":21},"end":{"line":null,"column":-1}},"loc":{"start":{"line":14,"column":21},"end":{"line":14,"column":0}}}},"branchMap":{"0":{"loc":{"start":{"line":17,"column":0},"end":{"line":null,"column":-1}},"type":"switch","locations":[{"start":{"line":17,"column":0},"end":{"line":null,"column":-1}},{"start":{"line":17,"column":0},"end":{"line":null,"column":-1}},{"start":{"line":17,"column":0},"end":{"line":null,"column":-1}},{"start":{"line":17,"column":0},"end":{"line":null,"column":-1}},{"start":{"line":17,"column":0},"end":{"line":null,"column":-1}},{"start":{"line":17,"column":0},"end":{"line":null,"column":-1}},{"start":{"line":17,"column":0},"end":{"line":null,"column":-1}},{"start":{"line":17,"column":0},"end":{"line":38,"column":9}},{"start":{"line":17,"column":0},"end":{"line":null,"column":-1}},{"start":{"line":17,"column":0},"end":{"line":null,"column":-1}},{"start":{"line":17,"column":0},"end":{"line":null,"column":-1}},{"start":{"line":17,"column":0},"end":{"line":null,"column":-1}},{"start":{"line":17,"column":0},"end":{"line":null,"column":-1}},{"start":{"line":17,"column":0},"end":{"line":null,"column":-1}}]},"1":{"loc":{"start":{"line":17,"column":0},"end":{"line":null,"column":-1}},"type":"if","locations":[{"start":{"line":17,"column":0},"end":{"line":null,"column":-1}},{"start":{"line":17,"column":0},"end":{"line":null,"column":-1}}]},"2":{"loc":{"start":{"line":30,"column":8},"end":{"line":32,"column":9}},"type":"if","locations":[{"start":{"line":30,"column":8},"end":{"line":32,"column":9}},{"start":{"line":30,"column":8},"end":{"line":32,"column":9}}]},"3":{"loc":{"start":{"line":36,"column":8},"end":{"line":38,"column":9}},"type":"if","locations":[{"start":{"line":36,"column":8},"end":{"line":38,"column":9}},{"start":{"line":36,"column":8},"end":{"line":38,"column":9}}]}},"s":{"0":0,"1":0,"2":0,"3":0,"4":0,"5":0,"6":0,"7":0,"8":0,"9":0,"10":0,"11":0,"12":0,"13":0,"14":0,"15":0,"16":0,"17":0,"18":0,"19":0,"20":0,"21":0,"22":0},"f":{"0":0,"1":0,"2":0},"b":{"0":[0,0,0,0,0,0,0,0,0,0,0,0,0,0],"1":[0,0],"2":[0,0],"3":[0,0]}}
,"/Users/fvena/Sites/didor/didor-template-graphql/src/utils/vars.js": {"path":"/Users/fvena/Sites/didor/didor-template-graphql/src/utils/vars.js","statementMap":{"0":{"start":{"line":1,"column":13},"end":{"line":1,"column":0}},"1":{"start":{"line":3,"column":0},"end":{"line":null,"column":-1}},"2":{"start":{"line":5,"column":19},"end":{"line":5,"column":0}},"3":{"start":{"line":6,"column":17},"end":{"line":6,"column":0}},"4":{"start":{"line":7,"column":17},"end":{"line":7,"column":0}},"5":{"start":{"line":8,"column":19},"end":{"line":8,"column":0}},"6":{"start":{"line":9,"column":24},"end":{"line":9,"column":0}},"7":{"start":{"line":10,"column":23},"end":{"line":10,"column":0}},"8":{"start":{"line":11,"column":37},"end":{"line":11,"column":0}},"9":{"start":{"line":12,"column":21},"end":{"line":12,"column":0}}},"fnMap":{},"branchMap":{"0":{"loc":{"start":{"line":1,"column":55},"end":{"line":1,"column":12}},"type":"cond-expr","locations":[{"start":{"line":1,"column":55},"end":{"line":1,"column":12}},{"start":{"line":1,"column":12},"end":{"line":1,"column":0}}]}},"s":{"0":0,"1":0,"2":0,"3":0,"4":0,"5":0,"6":0,"7":0,"8":0,"9":0},"f":{},"b":{"0":[0,0]}}
}
