TN:
SF:/Users/fvena/Sites/didor/didor-template-graphql/src/utils/auth.js
FN:5,AuthError
FN:11,getUserId
FN:24,getUser
FN:31,getTypeId
FNF:4
FNH:0
FNDA:0,AuthError
FNDA:0,getUserId
FNDA:0,getUser
FNDA:0,getTypeId
DA:1,0
DA:2,0
DA:5,0
DA:12,0
DA:14,0
DA:15,0
DA:16,0
DA:17,0
DA:20,0
DA:25,0
DA:27,0
DA:32,0
DA:33,0
DA:36,0
DA:37,0
DA:40,0
DA:43,0
LF:17
LH:0
BRDA:5,0,0,0
BRDA:5,0,1,0
BRDA:14,1,0,0
BRDA:14,1,1,0
BRDA:32,2,0,0
BRDA:32,2,1,0
BRDA:32,3,0,0
BRDA:32,3,1,0
BRDA:36,4,0,0
BRDA:36,4,1,0
BRF:10
BRH:0
end_of_record
TN:
SF:/Users/fvena/Sites/didor/didor-template-graphql/src/utils/directives.js
FN:5,_callee$
FN:18,(anonymous_10)
FN:18,_callee2
FN:18,_callee2$
FN:24,(anonymous_14)
FN:24,_callee3
FN:24,_callee3$
FN:35,(anonymous_18)
FN:35,_callee4
FN:35,_callee4$
FN:48,(anonymous_22)
FN:48,_callee5
FN:48,_callee5$
FNF:13
FNH:0
FNDA:0,_callee$
FNDA:0,(anonymous_10)
FNDA:0,_callee2
FNDA:0,_callee2$
FNDA:0,(anonymous_14)
FNDA:0,_callee3
FNDA:0,_callee3$
FNDA:0,(anonymous_18)
FNDA:0,_callee4
FNDA:0,_callee4$
FNDA:0,(anonymous_22)
FNDA:0,_callee5
FNDA:0,_callee5$
DA:1,0
DA:3,0
DA:5,0
DA:18,0
DA:19,0
DA:24,0
DA:25,0
DA:35,0
DA:36,0
DA:37,0
DA:38,0
DA:48,0
DA:50,0
DA:56,0
LF:14
LH:0
BRDA:5,0,0,0
BRDA:5,0,1,0
BRDA:5,0,2,0
BRDA:5,0,3,0
BRDA:5,1,0,0
BRDA:5,1,1,0
BRDA:8,2,0,0
BRDA:8,2,1,0
BRDA:18,3,0,0
BRDA:18,3,1,0
BRDA:18,3,2,0
BRDA:24,4,0,0
BRDA:24,4,1,0
BRDA:24,4,2,0
BRDA:24,4,3,0
BRDA:24,4,4,0
BRDA:24,5,0,0
BRDA:24,5,1,0
BRDA:35,6,0,0
BRDA:35,6,1,0
BRDA:35,6,2,0
BRDA:35,6,3,0
BRDA:35,6,4,0
BRDA:35,7,0,0
BRDA:35,7,1,0
BRDA:48,8,0,0
BRDA:48,8,1,0
BRDA:48,8,2,0
BRDA:48,8,3,0
BRDA:48,8,4,0
BRDA:48,8,5,0
BRDA:48,9,0,0
BRDA:48,9,1,0
BRF:33
BRH:0
end_of_record
TN:
SF:/Users/fvena/Sites/didor/didor-template-graphql/src/utils/permission.js
FN:26,getUser
FN:39,getResolvers
FN:47,(anonymous_4)
FN:64,checkPermission
FN:67,(anonymous_6)
FN:98,permissions
FN:99,(anonymous_8)
FNF:7
FNH:0
FNDA:0,getUser
FNDA:0,getResolvers
FNDA:0,(anonymous_4)
FNDA:0,checkPermission
FNDA:0,(anonymous_6)
FNDA:0,permissions
FNDA:0,(anonymous_8)
DA:1,0
DA:2,0
DA:11,0
DA:27,0
DA:28,0
DA:40,0
DA:41,0
DA:42,0
DA:44,0
DA:45,0
DA:47,0
DA:48,0
DA:51,0
DA:65,0
DA:67,0
DA:68,0
DA:69,0
DA:70,0
DA:71,0
DA:75,0
DA:76,0
DA:77,0
DA:79,0
DA:80,0
DA:81,0
DA:86,0
DA:89,0
DA:98,0
DA:99,0
DA:100,0
DA:101,0
DA:102,0
DA:105,0
DA:106,0
DA:107,0
DA:108,0
DA:111,0
DA:112,0
DA:114,0
LF:39
LH:0
BRDA:69,0,0,0
BRDA:69,0,1,0
BRDA:69,1,0,0
BRDA:69,1,1,0
BRDA:75,2,0,0
BRDA:75,2,1,0
BRDA:75,3,0,0
BRDA:75,3,1,0
BRDA:75,3,2,0
BRDA:76,4,0,0
BRDA:76,4,1,0
BRDA:79,5,0,0
BRDA:79,5,1,0
BRDA:98,6,0,0
BRDA:98,6,1,0
BRDA:98,7,0,0
BRDA:98,7,1,0
BRDA:101,8,0,0
BRDA:101,8,1,0
BRDA:105,9,0,0
BRDA:105,9,1,0
BRDA:111,10,0,0
BRDA:111,10,1,0
BRF:23
BRH:0
end_of_record
TN:
SF:/Users/fvena/Sites/didor/didor-template-graphql/src/utils/resolvers.js
FN:9,getResolvers
FNF:1
FNH:0
FNDA:0,getResolvers
DA:1,0
DA:2,0
DA:3,0
DA:10,0
DA:11,0
DA:12,0
DA:13,0
DA:15,0
DA:17,0
LF:9
LH:0
BRF:0
BRH:0
end_of_record
TN:
SF:/Users/fvena/Sites/didor/didor-template-graphql/src/utils/seed.js
FN:20,_callee$
FN:75,getRandomsUser
FN:76,(anonymous_13)
FN:90,getComments
FNF:4
FNH:0
FNDA:0,_callee$
FNDA:0,getRandomsUser
FNDA:0,(anonymous_13)
FNDA:0,getComments
DA:1,0
DA:2,0
DA:3,0
DA:4,0
DA:6,0
DA:13,0
DA:15,0
DA:16,0
DA:17,0
DA:20,0
DA:21,0
DA:22,0
DA:30,0
DA:33,0
DA:35,0
DA:38,0
DA:39,0
DA:40,0
DA:43,0
DA:44,0
DA:45,0
DA:48,0
DA:49,0
DA:50,0
DA:52,0
DA:76,0
DA:77,0
DA:78,0
DA:80,0
DA:81,0
DA:82,0
DA:83,0
DA:86,0
DA:91,0
DA:93,0
DA:94,0
DA:95,0
DA:96,0
DA:97,0
DA:99,0
DA:101,0
DA:102,0
DA:103,0
DA:105,0
DA:108,0
DA:111,0
LF:46
LH:0
BRDA:20,0,0,0
BRDA:20,0,1,0
BRDA:20,0,2,0
BRDA:20,0,3,0
BRDA:20,0,4,0
BRDA:20,0,5,0
BRDA:20,0,6,0
BRDA:20,0,7,0
BRDA:20,0,8,0
BRDA:20,0,9,0
BRDA:20,0,10,0
BRDA:20,0,11,0
BRDA:20,0,12,0
BRDA:20,0,13,0
BRDA:20,1,0,0
BRDA:20,1,1,0
BRF:16
BRH:0
end_of_record
TN:
SF:/Users/fvena/Sites/didor/didor-template-graphql/src/utils/validate.js
FN:17,_callee$
FN:13,(anonymous_12)
FN:14,(anonymous_13)
FNF:3
FNH:0
FNDA:0,_callee$
FNDA:0,(anonymous_12)
FNDA:0,(anonymous_13)
DA:1,0
DA:2,0
DA:3,0
DA:5,0
DA:13,0
DA:14,0
DA:17,0
DA:18,0
DA:20,0
DA:21,0
DA:22,0
DA:23,0
DA:24,0
DA:26,0
DA:27,0
DA:30,0
DA:31,0
DA:34,0
DA:36,0
DA:37,0
LF:20
LH:0
BRDA:17,0,0,0
BRDA:17,0,1,0
BRDA:17,0,2,0
BRDA:17,0,3,0
BRDA:17,0,4,0
BRDA:17,0,5,0
BRDA:17,0,6,0
BRDA:17,0,7,0
BRDA:17,0,8,0
BRDA:17,0,9,0
BRDA:17,0,10,0
BRDA:17,0,11,0
BRDA:17,0,12,0
BRDA:17,0,13,0
BRDA:17,1,0,0
BRDA:17,1,1,0
BRDA:30,2,0,0
BRDA:30,2,1,0
BRDA:36,3,0,0
BRDA:36,3,1,0
BRF:20
BRH:0
end_of_record
TN:
SF:/Users/fvena/Sites/didor/didor-template-graphql/src/utils/vars.js
FNF:0
FNH:0
DA:1,0
DA:3,0
DA:5,0
DA:6,0
DA:7,0
DA:8,0
DA:9,0
DA:10,0
DA:11,0
DA:12,0
LF:10
LH:0
BRDA:1,0,0,0
BRDA:1,0,1,0
BRF:2
BRH:0
end_of_record
